Arguments: 
  C:\Program Files\nodejs\node.exe C:\Users\f\AppData\Roaming\npm\node_modules\yarn\bin\yarn.js add webpack web

PATH: 
  C:\WINDOWS\system32;C:\WINDOWS;C:\WINDOWS\System32\Wbem;C:\WINDOWS\System32\WindowsPowerShell\v1.0\;C:\Program Files\Microsoft SQL Server\120\DTS\Binn\;C:\Program Files\Microsoft SQL Server\Client SDK\ODBC\110\Tools\Binn\;D:\Program Files (x86)\Microsoft SQL Server\120\Tools\Binn\;C:\Program Files\Microsoft SQL Server\120\Tools\Binn\;D:\Program Files (x86)\Microsoft SQL Server\120\Tools\Binn\ManagementStudio\;D:\Program Files (x86)\Microsoft SQL Server\120\DTS\Binn\;C:\Program Files (x86)\Microsoft SQL Server\100\Tools\Binn\;C:\Program Files\Microsoft SQL Server\100\Tools\Binn\;C:\Program Files\Microsoft SQL Server\100\DTS\Binn\;C:\Program Files\TortoiseSVN\bin;C:\WINDOWS\System32\OpenSSH\;C:\Program Files\dotnet\;C:\Program Files\Microsoft SQL Server\130\Tools\Binn\;C:\Program Files\Git\cmd;C:\Program Files\nodejs\;C:\Users\f\AppData\Local\Microsoft\WindowsApps;C:\Users\f\AppData\Roaming\npm

Yarn version: 
  1.12.1

Node version: 
  8.12.0

Platform: 
  win32 x64

Trace: 
  Error: EPERM: operation not permitted, symlink 'C:\Users\f\AppData\Local\Yarn\Cache\v3\npm-json5-1.0.1-779fb0018604fa854eacbf6252180d83543e3dbe\node_modules\json5\lib\cli.js' -> 'C:\Users\f\AppData\Local\Yarn\Cache\v3\npm-json5-1.0.1-779fb0018604fa854eacbf6252180d83543e3dbe\node_modules\json5\.bin\json5'

npm manifest: 
  {
    "name": "vippack",
    "version": "1.0.0",
    "description": "",
    "main": "index.js",
    "scripts": {
      "test": "echo \"Error: no test specified\" && exit 1",
      "dev":"webpack-dev-server",
      "build":"webpack"
    },
    "keywords": [],
    "author": "",
    "license": "ISC"
  }

yarn manifest: 
  No manifest

Lockfile: 
  No lockfile
